DEBUG | 2022-05-28 09:10:40.314 | Aurora | initLogging | APP START
DEBUG | 2022-05-28 09:10:40.314 | Aurora | initLogging | Aurora V1.2.22.33bx64
[HINT] TWinControl.CreateWnd creating Handle during loading fInset:TfInset csDesigning=False
[HINT] TWinControl.CreateWnd creating Handle during loading Panel3:TPanel csDesigning=False
[HINT] TWinControl.CreateWnd creating Handle during loading gbAlpha:TGaugeBar csDesigning=False
[HINT] TWinControl.CreateWnd creating Handle during loading pnlFull:TPanel csDesigning=False
[HINT] TWinControl.CreateWnd creating Handle during loading pnlRIGHT:TPanel csDesigning=False
[HINT] TWinControl.CreateWnd creating Handle during loading pnlBOTTOM2:TPanel csDesigning=False
[HINT] TWinControl.CreateWnd creating Handle during loading pnlBOTTOM:TPanel csDesigning=False
[HINT] TWinControl.CreateWnd creating Handle during loading pnlBOTTOM1:TPanel csDesigning=False
[HINT] TWinControl.CreateWnd creating Handle during loading pnlBack:TPanel csDesigning=False
[HINT] TWinControl.CreateWnd creating Handle during loading pnlMap:TPanel csDesigning=False
[HINT] TWinControl.CreateWnd creating Handle during loading mpBGeo:TImgView32 csDesigning=False
[HINT] TWinControl.CreateWnd creating Handle during loading fInset_1:TfInset csDesigning=False
[HINT] TWinControl.CreateWnd creating Handle during loading Panel3:TPanel csDesigning=False
[HINT] TWinControl.CreateWnd creating Handle during loading gbAlpha:TGaugeBar csDesigning=False
[HINT] TWinControl.CreateWnd creating Handle during loading pnlFull:TPanel csDesigning=False
[HINT] TWinControl.CreateWnd creating Handle during loading pnlRIGHT:TPanel csDesigning=False
[HINT] TWinControl.CreateWnd creating Handle during loading pnlBOTTOM2:TPanel csDesigning=False
[HINT] TWinControl.CreateWnd creating Handle during loading pnlBOTTOM:TPanel csDesigning=False
[HINT] TWinControl.CreateWnd creating Handle during loading pnlBOTTOM1:TPanel csDesigning=False
[HINT] TWinControl.CreateWnd creating Handle during loading pnlBack:TPanel csDesigning=False
[HINT] TWinControl.CreateWnd creating Handle during loading pnlMap:TPanel csDesigning=False
[HINT] TWinControl.CreateWnd creating Handle during loading mpBGeo:TImgView32 csDesigning=False
[HINT] TWinControl.CreateWnd creating Handle during loading fInset_2:TfInset csDesigning=False
[HINT] TWinControl.CreateWnd creating Handle during loading Panel3:TPanel csDesigning=False
[HINT] TWinControl.CreateWnd creating Handle during loading gbAlpha:TGaugeBar csDesigning=False
[HINT] TWinControl.CreateWnd creating Handle during loading pnlFull:TPanel csDesigning=False
[HINT] TWinControl.CreateWnd creating Handle during loading pnlRIGHT:TPanel csDesigning=False
[HINT] TWinControl.CreateWnd creating Handle during loading pnlBOTTOM2:TPanel csDesigning=False
[HINT] TWinControl.CreateWnd creating Handle during loading pnlBOTTOM:TPanel csDesigning=False
[HINT] TWinControl.CreateWnd creating Handle during loading pnlBOTTOM1:TPanel csDesigning=False
[HINT] TWinControl.CreateWnd creating Handle during loading pnlBack:TPanel csDesigning=False
[HINT] TWinControl.CreateWnd creating Handle during loading pnlMap:TPanel csDesigning=False
[HINT] TWinControl.CreateWnd creating Handle during loading mpBGeo:TImgView32 csDesigning=False
[HINT] TWinControl.CreateWnd creating Handle during loading fInset_3:TfInset csDesigning=False
[HINT] TWinControl.CreateWnd creating Handle during loading Panel3:TPanel csDesigning=False
[HINT] TWinControl.CreateWnd creating Handle during loading gbAlpha:TGaugeBar csDesigning=False
[HINT] TWinControl.CreateWnd creating Handle during loading pnlFull:TPanel csDesigning=False
[HINT] TWinControl.CreateWnd creating Handle during loading pnlRIGHT:TPanel csDesigning=False
[HINT] TWinControl.CreateWnd creating Handle during loading pnlBOTTOM2:TPanel csDesigning=False
[HINT] TWinControl.CreateWnd creating Handle during loading pnlBOTTOM:TPanel csDesigning=False
[HINT] TWinControl.CreateWnd creating Handle during loading pnlBOTTOM1:TPanel csDesigning=False
[HINT] TWinControl.CreateWnd creating Handle during loading pnlBack:TPanel csDesigning=False
[HINT] TWinControl.CreateWnd creating Handle during loading pnlMap:TPanel csDesigning=False
[HINT] TWinControl.CreateWnd creating Handle during loading mpBGeo:TImgView32 csDesigning=False
[HINT] TWinControl.CreateWnd creating Handle during loading fInset_4:TfInset csDesigning=False
[HINT] TWinControl.CreateWnd creating Handle during loading Panel3:TPanel csDesigning=False
[HINT] TWinControl.CreateWnd creating Handle during loading gbAlpha:TGaugeBar csDesigning=False
[HINT] TWinControl.CreateWnd creating Handle during loading pnlFull:TPanel csDesigning=False
[HINT] TWinControl.CreateWnd creating Handle during loading pnlRIGHT:TPanel csDesigning=False
[HINT] TWinControl.CreateWnd creating Handle during loading pnlBOTTOM2:TPanel csDesigning=False
[HINT] TWinControl.CreateWnd creating Handle during loading pnlBOTTOM:TPanel csDesigning=False
[HINT] TWinControl.CreateWnd creating Handle during loading pnlBOTTOM1:TPanel csDesigning=False
[HINT] TWinControl.CreateWnd creating Handle during loading pnlBack:TPanel csDesigning=False
[HINT] TWinControl.CreateWnd creating Handle during loading pnlMap:TPanel csDesigning=False
[HINT] TWinControl.CreateWnd creating Handle during loading mpBGeo:TImgView32 csDesigning=False
[HINT] TWinControl.CreateWnd creating Handle during loading fInset_5:TfInset csDesigning=False
[HINT] TWinControl.CreateWnd creating Handle during loading Panel3:TPanel csDesigning=False
[HINT] TWinControl.CreateWnd creating Handle during loading gbAlpha:TGaugeBar csDesigning=False
[HINT] TWinControl.CreateWnd creating Handle during loading pnlFull:TPanel csDesigning=False
[HINT] TWinControl.CreateWnd creating Handle during loading pnlRIGHT:TPanel csDesigning=False
[HINT] TWinControl.CreateWnd creating Handle during loading pnlBOTTOM2:TPanel csDesigning=False
[HINT] TWinControl.CreateWnd creating Handle during loading pnlBOTTOM:TPanel csDesigning=False
[HINT] TWinControl.CreateWnd creating Handle during loading pnlBOTTOM1:TPanel csDesigning=False
[HINT] TWinControl.CreateWnd creating Handle during loading pnlBack:TPanel csDesigning=False
[HINT] TWinControl.CreateWnd creating Handle during loading pnlMap:TPanel csDesigning=False
[HINT] TWinControl.CreateWnd creating Handle during loading mpBGeo:TImgView32 csDesigning=False
[HINT] TWinControl.CreateWnd creating Handle during loading fInset_6:TfInset csDesigning=False
[HINT] TWinControl.CreateWnd creating Handle during loading Panel3:TPanel csDesigning=False
[HINT] TWinControl.CreateWnd creating Handle during loading gbAlpha:TGaugeBar csDesigning=False
[HINT] TWinControl.CreateWnd creating Handle during loading pnlFull:TPanel csDesigning=False
[HINT] TWinControl.CreateWnd creating Handle during loading pnlRIGHT:TPanel csDesigning=False
[HINT] TWinControl.CreateWnd creating Handle during loading pnlBOTTOM2:TPanel csDesigning=False
[HINT] TWinControl.CreateWnd creating Handle during loading pnlBOTTOM:TPanel csDesigning=False
[HINT] TWinControl.CreateWnd creating Handle during loading pnlBOTTOM1:TPanel csDesigning=False
[HINT] TWinControl.CreateWnd creating Handle during loading pnlBack:TPanel csDesigning=False
[HINT] TWinControl.CreateWnd creating Handle during loading pnlMap:TPanel csDesigning=False
[HINT] TWinControl.CreateWnd creating Handle during loading mpBGeo:TImgView32 csDesigning=False
[HINT] TWinControl.CreateWnd creating Handle during loading fInset_7:TfInset csDesigning=False
[HINT] TWinControl.CreateWnd creating Handle during loading Panel3:TPanel csDesigning=False
[HINT] TWinControl.CreateWnd creating Handle during loading gbAlpha:TGaugeBar csDesigning=False
[HINT] TWinControl.CreateWnd creating Handle during loading pnlFull:TPanel csDesigning=False
[HINT] TWinControl.CreateWnd creating Handle during loading pnlRIGHT:TPanel csDesigning=False
[HINT] TWinControl.CreateWnd creating Handle during loading pnlBOTTOM2:TPanel csDesigning=False
[HINT] TWinControl.CreateWnd creating Handle during loading pnlBOTTOM:TPanel csDesigning=False
[HINT] TWinControl.CreateWnd creating Handle during loading pnlBOTTOM1:TPanel csDesigning=False
[HINT] TWinControl.CreateWnd creating Handle during loading pnlBack:TPanel csDesigning=False
[HINT] TWinControl.CreateWnd creating Handle during loading pnlMap:TPanel csDesigning=False
[HINT] TWinControl.CreateWnd creating Handle during loading mpBGeo:TImgView32 csDesigning=False
DEBUG | 2022-05-28 09:10:40.758 | TfH | display scale | 100%
